Instrumenting Code------------------------------------------
Test: tests/test1.c

tests/test2.c:8:16: warning: array index 10 is past the end of the array (which
      contains 10 elements) [-Warray-bounds]
  printf("%i", numbers[10]);
               ^       ~~
tests/test2.c:6:3: note: array 'numbers' declared here
  int numbers[10] = {1,2,3,4,5,6,7,8,9,10};
  ^
1 warning generated.
Test: tests/test2.c

tests/test4.c:6:3: warning: array index -10 is before the beginning of the array
      [-Warray-bounds]
  numbers[-10] = 10;
  ^       ~~~
tests/test4.c:4:3: note: array 'numbers' declared here
  int numbers[3];
  ^
1 warning generated.
Test: tests/test4.c

Test: tests/test5.c

Test: tests/test6.c

Test: tests/test7.c

Call parameter type does not match function signature!
i32 2
 i64  call void @check_bounds(i64 41715456, i32 2, i64 19, i8* getelementptr inbounds ([14 x i8], [14 x i8]* @0, i32 0, i32 0))
LLVM ERROR: Broken function found, compilation aborted!
Done Instrumenting Code-------------------------------------

Running Tests-------------------------------------------------
Out-of-Bounds Checking...
Out-of-Bounds Checking...
Out-of-Bounds Checking...
Out-of-Bounds Checking...
tests/test1.c:6: Array Out of Bounds Error.
Out-of-Bounds Checking...
tests/test2.c:8: Array Out of Bounds Error.
0Out-of-Bounds Checking...
tests/test4.c:6: Array Out of Bounds Error.
Out-of-Bounds Checking...
Out-of-Bounds Checking...
Out-of-Bounds Checking...
Out-of-Bounds Checking...
Out-of-Bounds Checking...
Out-of-Bounds Checking...
tests/test5.c:10: Array Out of Bounds Error.
Out-of-Bounds Checking...
Out-of-Bounds Checking...
Out-of-Bounds Checking...
Out-of-Bounds Checking...
Out-of-Bounds Checking...
Out-of-Bounds Checking...
tests/test5.c:10: Array Out of Bounds Error.
Out-of-Bounds Checking...
Out-of-Bounds Checking...
Out-of-Bounds Checking...
Out-of-Bounds Checking...
Out-of-Bounds Checking...
Out-of-Bounds Checking...
tests/test5.c:10: Array Out of Bounds Error.
Out-of-Bounds Checking...
Out-of-Bounds Checking...
Out-of-Bounds Checking...
Out-of-Bounds Checking...
Out-of-Bounds Checking...
Out-of-Bounds Checking...
tests/test6.c:12: Array Out of Bounds Error.
Out-of-Bounds Checking...
Out-of-Bounds Checking...
Out-of-Bounds Checking...
Out-of-Bounds Checking...
Out-of-Bounds Checking...
Out-of-Bounds Checking...
tests/test6.c:12: Array Out of Bounds Error.
Out-of-Bounds Checking...
Out-of-Bounds Checking...
Out-of-Bounds Checking...
Out-of-Bounds Checking...
Out-of-Bounds Checking...
Out-of-Bounds Checking...
tests/test6.c:12: Array Out of Bounds Error.
Out-of-Bounds Checking...
Out-of-Bounds Checking...
Out-of-Bounds Checking...
Out-of-Bounds Checking...
Out-of-Bounds Checking...
Out-of-Bounds Checking...
tests/test6.c:12: Array Out of Bounds Error.
Out-of-Bounds Checking...
Out-of-Bounds Checking...
Out-of-Bounds Checking...
Out-of-Bounds Checking...
Out-of-Bounds Checking...
Out-of-Bounds Checking...
tests/test6.c:12: Array Out of Bounds Error.
Out-of-Bounds Checking...
Out-of-Bounds Checking...
Out-of-Bounds Checking...
Out-of-Bounds Checking...
Out-of-Bounds Checking...
Out-of-Bounds Checking...
tests/test6.c:12: Array Out of Bounds Error.
Out-of-Bounds Checking...
tests/test6.c:12: Array Out of Bounds Error.
Out-of-Bounds Checking...
Out-of-Bounds Checking...
Out-of-Bounds Checking...
tests/test6.c:12: Array Out of Bounds Error.
Out-of-Bounds Checking...
Out-of-Bounds Checking...
tests/test6.c:12: Array Out of Bounds Error.
Out-of-Bounds Checking...
tests/test6.c:12: Array Out of Bounds Error.
Out-of-Bounds Checking...
Out-of-Bounds Checking...
Out-of-Bounds Checking...
tests/test6.c:12: Array Out of Bounds Error.
Out-of-Bounds Checking...
Out-of-Bounds Checking...
tests/test6.c:12: Array Out of Bounds Error.
Out-of-Bounds Checking...
tests/test6.c:12: Array Out of Bounds Error.
Out-of-Bounds Checking...
Out-of-Bounds Checking...
Out-of-Bounds Checking...
tests/test6.c:12: Array Out of Bounds Error.
Out-of-Bounds Checking...
Out-of-Bounds Checking...
tests/test6.c:12: Array Out of Bounds Error.
Out-of-Bounds Checking...
tests/test6.c:12: Array Out of Bounds Error.
Out-of-Bounds Checking...
Out-of-Bounds Checking...
Out-of-Bounds Checking...
tests/test6.c:12: Array Out of Bounds Error.
Out-of-Bounds Checking...
Out-of-Bounds Checking...
tests/test6.c:12: Array Out of Bounds Error.
Done Running Tests--------------------------------------------